# JRE version: Java(TM) SE Runtime Environment (7.0_79-b15) (build 1.7.0_79-b15)
# Java VM: Java HotSpot(TM) 64-Bit Server VM (24.79-b02 mixed mode bsd-amd64 compressed oops)
Heap
 PSYoungGen      total 577536K, used 365308K [0x00000007d5500000, 0x0000000800000000, 0x0000000800000000)
  eden space 488448K, 56% used [0x00000007d5500000,0x00000007e6321378,0x00000007f3200000)
  from space 89088K, 99% used [0x00000007f3200000,0x00000007f889dff8,0x00000007f8900000)
  to   space 116224K, 0% used [0x00000007f8e80000,0x00000007f8e80000,0x0000000800000000)
 ParOldGen       total 479744K, used 174901K [0x0000000780000000, 0x000000079d480000, 0x00000007d5500000)
  object space 479744K, 36% used [0x0000000780000000,0x000000078aacd448,0x000000079d480000)
 PSPermGen       total 83456K, used 63064K [0x0000000760000000, 0x0000000765180000, 0x0000000780000000)
  object space 83456K, 75% used [0x0000000760000000,0x0000000763d96210,0x0000000765180000)
GC Heap History (10 events):
Event: 766.646 GC heap before
{Heap before GC invocations=147 (full 12):
 PSYoungGen      total 546816K, used 480899K [0x00000007d5500000, 0x00000007fea00000, 0x0000000800000000)
  eden space 445440K, 100% used [0x00000007d5500000,0x00000007f0800000,0x00000007f0800000)
  from space 101376K, 34% used [0x00000007f8700000,0x00000007fa9a0e50,0x00000007fea00000)
  to   space 115712K, 0% used [0x00000007f0800000,0x00000007f0800000,0x00000007f7900000)
 ParOldGen       total 479744K, used 148456K [0x0000000780000000, 0x000000079d480000, 0x00000007d5500000)
  object space 479744K, 30% used [0x0000000780000000,0x00000007890fa098,0x000000079d480000)
 PSPermGen       total 83456K, used 62797K [0x0000000760000000, 0x0000000765180000, 0x0000000780000000)
  object space 83456K, 75% used [0x0000000760000000,0x0000000763d53678,0x0000000765180000)
Event: 766.725 GC heap after
Heap after GC invocations=147 (full 12):
 PSYoungGen      total 561152K, used 20724K [0x00000007d5500000, 0x0000000800000000, 0x0000000800000000)
  eden space 445440K, 0% used [0x00000007d5500000,0x00000007d5500000,0x00000007f0800000)
  from space 115712K, 17% used [0x00000007f0800000,0x00000007f1c3d350,0x00000007f7900000)
  to   space 111616K, 0% used [0x00000007f9300000,0x00000007f9300000,0x0000000800000000)
 ParOldGen       total 479744K, used 174901K [0x0000000780000000, 0x000000079d480000, 0x00000007d5500000)
  object space 479744K, 36% used [0x0000000780000000,0x000000078aacd448,0x000000079d480000)
 PSPermGen       total 83456K, used 62797K [0x0000000760000000, 0x0000000765180000, 0x0000000780000000)
  object space 83456K, 75% used [0x0000000760000000,0x0000000763d53678,0x0000000765180000)
}
Event: 768.876 GC heap before
{Heap before GC invocations=148 (full 12):
 PSYoungGen      total 561152K, used 466164K [0x00000007d5500000, 0x0000000800000000, 0x0000000800000000)
  eden space 445440K, 100% used [0x00000007d5500000,0x00000007f0800000,0x00000007f0800000)
  from space 115712K, 17% used [0x00000007f0800000,0x00000007f1c3d350,0x00000007f7900000)
  to   space 111616K, 0% used [0x00000007f9300000,0x00000007f9300000,0x0000000800000000)
 ParOldGen       total 479744K, used 174901K [0x0000000780000000, 0x000000079d480000, 0x00000007d5500000)
  object space 479744K, 36% used [0x0000000780000000,0x000000078aacd448,0x000000079d480000)
 PSPermGen       total 83456K, used 62874K [0x0000000760000000, 0x0000000765180000, 0x0000000780000000)
  object space 83456K, 75% used [0x0000000760000000,0x0000000763d66a00,0x0000000765180000)
Event: 768.911 GC heap after
Heap after GC invocations=148 (full 12):
 PSYoungGen      total 565248K, used 39463K [0x00000007d5500000, 0x00000007fee00000, 0x0000000800000000)
  eden space 472064K, 0% used [0x00000007d5500000,0x00000007d5500000,0x00000007f2200000)
  from space 93184K, 42% used [0x00000007f9300000,0x00000007fb989f00,0x00000007fee00000)
  to   space 104448K, 0% used [0x00000007f2200000,0x00000007f2200000,0x00000007f8800000)
 ParOldGen       total 479744K, used 174901K [0x0000000780000000, 0x000000079d480000, 0x00000007d5500000)
  object space 479744K, 36% used [0x0000000780000000,0x000000078aacd448,0x000000079d480000)
 PSPermGen       total 83456K, used 62874K [0x0000000760000000, 0x0000000765180000, 0x0000000780000000)
  object space 83456K, 75% used [0x0000000760000000,0x0000000763d66a00,0x0000000765180000)
}
Event: 771.439 GC heap before
{Heap before GC invocations=149 (full 12):
 PSYoungGen      total 565248K, used 511527K [0x00000007d5500000, 0x00000007fee00000, 0x0000000800000000)
  eden space 472064K, 100% used [0x00000007d5500000,0x00000007f2200000,0x00000007f2200000)
  from space 93184K, 42% used [0x00000007f9300000,0x00000007fb989f00,0x00000007fee00000)
  to   space 104448K, 0% used [0x00000007f2200000,0x00000007f2200000,0x00000007f8800000)
 ParOldGen       total 479744K, used 174901K [0x0000000780000000, 0x000000079d480000, 0x00000007d5500000)
  object space 479744K, 36% used [0x0000000780000000,0x000000078aacd448,0x000000079d480000)
 PSPermGen       total 83456K, used 62888K [0x0000000760000000, 0x0000000765180000, 0x0000000780000000)
  object space 83456K, 75% used [0x0000000760000000,0x0000000763d6a140,0x0000000765180000)
Event: 771.479 GC heap after
Heap after GC invocations=149 (full 12):
 PSYoungGen      total 576512K, used 42777K [0x00000007d5500000, 0x0000000800000000, 0x0000000800000000)
  eden space 472064K, 0% used [0x00000007d5500000,0x00000007d5500000,0x00000007f2200000)
  from space 104448K, 40% used [0x00000007f2200000,0x00000007f4bc6738,0x00000007f8800000)
  to   space 99840K, 0% used [0x00000007f9e80000,0x00000007f9e80000,0x0000000800000000)
 ParOldGen       total 479744K, used 174901K [0x0000000780000000, 0x000000079d480000, 0x00000007d5500000)
  object space 479744K, 36% used [0x0000000780000000,0x000000078aacd448,0x000000079d480000)
 PSPermGen       total 83456K, used 62888K [0x0000000760000000, 0x0000000765180000, 0x0000000780000000)
  object space 83456K, 75% used [0x0000000760000000,0x0000000763d6a140,0x0000000765180000)
}
Event: 776.086 GC heap before
{Heap before GC invocations=150 (full 12):
 PSYoungGen      total 576512K, used 514841K [0x00000007d5500000, 0x0000000800000000, 0x0000000800000000)
  eden space 472064K, 100% used [0x00000007d5500000,0x00000007f2200000,0x00000007f2200000)
  from space 104448K, 40% used [0x00000007f2200000,0x00000007f4bc6738,0x00000007f8800000)
  to   space 99840K, 0% used [0x00000007f9e80000,0x00000007f9e80000,0x0000000800000000)
 ParOldGen       total 479744K, used 174901K [0x0000000780000000, 0x000000079d480000, 0x00000007d5500000)
  object space 479744K, 36% used [0x0000000780000000,0x000000078aacd448,0x000000079d480000)
 PSPermGen       total 83456K, used 63040K [0x0000000760000000, 0x0000000765180000, 0x0000000780000000)
  object space 83456K, 75% used [0x0000000760000000,0x0000000763d90288,0x0000000765180000)
Event: 776.178 GC heap after
Heap after GC invocations=150 (full 12):
 PSYoungGen      total 588288K, used 70741K [0x00000007d5500000, 0x0000000800000000, 0x0000000800000000)
  eden space 488448K, 0% used [0x00000007d5500000,0x00000007d5500000,0x00000007f3200000)
  from space 99840K, 70% used [0x00000007f9e80000,0x00000007fe395550,0x0000000800000000)
  to   space 105472K, 0% used [0x00000007f3200000,0x00000007f3200000,0x00000007f9900000)
 ParOldGen       total 479744K, used 174901K [0x0000000780000000, 0x000000079d480000, 0x00000007d5500000)
  object space 479744K, 36% used [0x0000000780000000,0x000000078aacd448,0x000000079d480000)
 PSPermGen       total 83456K, used 63040K [0x0000000760000000, 0x0000000765180000, 0x0000000780000000)
  object space 83456K, 75% used [0x0000000760000000,0x0000000763d90288,0x0000000765180000)
}
Event: 779.360 GC heap before
{Heap before GC invocations=151 (full 12):
 PSYoungGen      total 588288K, used 559189K [0x00000007d5500000, 0x0000000800000000, 0x0000000800000000)
  eden space 488448K, 100% used [0x00000007d5500000,0x00000007f3200000,0x00000007f3200000)
  from space 99840K, 70% used [0x00000007f9e80000,0x00000007fe395550,0x0000000800000000)
  to   space 105472K, 0% used [0x00000007f3200000,0x00000007f3200000,0x00000007f9900000)
 ParOldGen       total 479744K, used 174901K [0x0000000780000000, 0x000000079d480000, 0x00000007d5500000)
  object space 479744K, 36% used [0x0000000780000000,0x000000078aacd448,0x000000079d480000)
 PSPermGen       total 83456K, used 63064K [0x0000000760000000, 0x0000000765180000, 0x0000000780000000)
  object space 83456K, 75% used [0x0000000760000000,0x0000000763d96210,0x0000000765180000)
Event: 779.460 GC heap after
Heap after GC invocations=151 (full 12):
 PSYoungGen      total 577536K, used 88695K [0x00000007d5500000, 0x0000000800000000, 0x0000000800000000)
  eden space 488448K, 0% used [0x00000007d5500000,0x00000007d5500000,0x00000007f3200000)
  from space 89088K, 99% used [0x00000007f3200000,0x00000007f889dff8,0x00000007f8900000)
  to   space 116224K, 0% used [0x00000007f8e80000,0x00000007f8e80000,0x0000000800000000)
 ParOldGen       total 479744K, used 174901K [0x0000000780000000, 0x000000079d480000, 0x00000007d5500000)
  object space 479744K, 36% used [0x0000000780000000,0x000000078aacd448,0x000000079d480000)
 PSPermGen       total 83456K, used 63064K [0x0000000760000000, 0x0000000765180000, 0x0000000780000000)
  object space 83456K, 75% used [0x0000000760000000,0x0000000763d96210,0x0000000765180000)
}

